<?xml version="1.0" encoding="UTF-8"?>
<testng-results skipped="0" failed="0" total="1" passed="1">
  <reporter-output>
  </reporter-output>
  <suite name="Default suite" duration-ms="46084" started-at="2016-10-17T15:37:48Z" finished-at="2016-10-17T15:38:34Z">
    <groups>
    </groups>
    <test name="Default test" duration-ms="46084" started-at="2016-10-17T15:37:48Z" finished-at="2016-10-17T15:38:34Z">
      <class name="com.seleniumpractice.operations.SeleniumOperations">
        <test-method status="PASS" signature="getWebElement()[pri:0, instance:com.seleniumpractice.operations.SeleniumOperations@6a370f4]" name="getWebElement" duration-ms="46058" started-at="2016-10-17T21:07:48Z" finished-at="2016-10-17T21:08:34Z">
          <reporter-output>
          </reporter-output>
        </test-method> <!-- getWebElement -->
      </class> <!-- com.seleniumpractice.operations.SeleniumOperations -->
    </test> <!-- Default test -->
  </suite> <!-- Default suite -->
</testng-results>
